[21:16:11.167] Global cache location '/home/zander/.cache/typescript/4.7', safe file path '/home/zander/everything/projects/mysite-2.0/node_modules/typescript/lib/typingSafeList.json', types map path /home/zander/everything/projects/mysite-2.0/node_modules/typescript/lib/typesMap.json
[21:16:11.167] Processing cache location '/home/zander/.cache/typescript/4.7'
[21:16:11.167] Trying to find '/home/zander/.cache/typescript/4.7/package.json'...
[21:16:11.168] Loaded content of '/home/zander/.cache/typescript/4.7/package.json': {"private":true,"dependencies":{"types-registry":"^0.1.599"},"devDependencies":{"@types/react-router-dom":"^5.3.3","@types/react-scroll":"^1.8.3"}}
[21:16:11.168] Loaded content of '/home/zander/.cache/typescript/4.7/package-lock.json'
[21:16:11.180] Adding entry into typings cache: 'react-router-dom' => '/home/zander/.cache/typescript/4.7/node_modules/@types/react-router-dom/index.d.ts'
[21:16:11.182] Adding entry into typings cache: 'react-scroll' => '/home/zander/.cache/typescript/4.7/node_modules/@types/react-scroll/index.d.ts'
[21:16:11.182] Finished processing cache location '/home/zander/.cache/typescript/4.7'
[21:16:11.183] Process id: 16697
[21:16:11.183] NPM location: /usr/bin/npm (explicit '--npmLocation' not  provided)
[21:16:11.183] validateDefaultNpmLocation: false
[21:16:11.183] Npm config file: /home/zander/.cache/typescript/4.7/package.json
[21:16:11.183] Updating types-registry npm package...
[21:16:11.183] Exec: /usr/bin/npm install --ignore-scripts types-registry@latest
[21:16:12.198]     Succeeded. stdout:
    
    changed 1 package, and audited 10 packages in 883ms

found 0 vulnerabilities

[21:16:12.198] Updated types-registry npm package
[21:16:12.974] Got install request {"projectName":"/dev/null/inferredProject1*","fileNames":["/home/zander/everything/projects/mysite-2.0/node_modules/typescript/lib/lib.es5.d.ts","/home/zander/everything/projects/mysite-2.0/node_modules/typescript/lib/lib.es2015.d.ts","/home/zander/everything/projects/mysite-2.0/node_modules/typescript/lib/lib.es2016.d.ts","/home/zander/everything/projects/mysite-2.0/node_modules/typescript/lib/lib.dom.d.ts","/home/zander/everything/projects/mysite-2.0/node_modules/typescript/lib/lib.dom.iterable.d.ts","/home/zander/everything/projects/mysite-2.0/node_modules/typescript/lib/lib.webworker.importscripts.d.ts","/home/zander/everything/projects/mysite-2.0/node_modules/typescript/lib/lib.scripthost.d.ts","/home/zander/everything/projects/mysite-2.0/node_modules/typescript/lib/lib.es2015.core.d.ts","/home/zander/everything/projects/mysite-2.0/node_modules/typescript/lib/lib.es2015.collection.d.ts","/home/zander/everything/projects/mysite-2.0/node_modules/typescript/lib/lib.es2015.generator.d.ts","/home/zander/everything/projects/mysite-2.0/node_modules/typescript/lib/lib.es2015.iterable.d.ts","/home/zander/everything/projects/mysite-2.0/node_modules/typescript/lib/lib.es2015.promise.d.ts","/home/zander/everything/projects/mysite-2.0/node_modules/typescript/lib/lib.es2015.proxy.d.ts","/home/zander/everything/projects/mysite-2.0/node_modules/typescript/lib/lib.es2015.reflect.d.ts","/home/zander/everything/projects/mysite-2.0/node_modules/typescript/lib/lib.es2015.symbol.d.ts","/home/zander/everything/projects/mysite-2.0/node_modules/typescript/lib/lib.es2015.symbol.wellknown.d.ts","/home/zander/everything/projects/mysite-2.0/node_modules/typescript/lib/lib.es2016.array.include.d.ts","/home/zander/everything/projects/mysite-2.0/node_modules/typescript/lib/lib.es2016.full.d.ts","/home/zander/everything/projects/mysite-2.0/src/components/HeroSection.js"],"compilerOptions":{"module":1,"target":3,"jsx":1,"allowJs":true,"allowSyntheticDefaultImports":true,"allowNonTsExtensions":true,"noEmitForJsFiles":true,"maxNodeModuleJsDepth":2},"typeAcquisition":{"enable":true,"include":[],"exclude":[]},"unresolvedImports":[],"projectRootPath":"/home/zander/everything/projects/mysite-2.0/src/components","kind":"discover"}
[21:16:12.984] Loaded safelist from types map file '/home/zander/everything/projects/mysite-2.0/node_modules/typescript/lib/typesMap.json'
[21:16:12.984] Explicitly included types: []
[21:16:12.985] Inferred typings from unresolved imports: []
[21:16:12.985] Result: {"cachedTypingPaths":[],"newTypingNames":[],"filesToWatch":["/home/zander/everything/projects/mysite-2.0/src/components/bower_components","/home/zander/everything/projects/mysite-2.0/src/components/node_modules"]}
[21:16:12.985] Finished typings discovery: {"cachedTypingPaths":[],"newTypingNames":[],"filesToWatch":["/home/zander/everything/projects/mysite-2.0/src/components/bower_components","/home/zander/everything/projects/mysite-2.0/src/components/node_modules"]}
[21:16:12.985] DirectoryWatcher:: Added:: WatchInfo: /home/zander/everything/projects/mysite-2.0/src/components/bower_components
[21:16:12.986] DirectoryWatcher:: Added:: WatchInfo: /home/zander/everything/projects/mysite-2.0/src/components/bower_components 1 undefined Project: /dev/null/inferredProject1* watcher already invoked: false
[21:16:12.987] Elapsed:: 1.7186250016093254ms DirectoryWatcher:: Added:: WatchInfo: /home/zander/everything/projects/mysite-2.0/src/components/bower_components 1 undefined Project: /dev/null/inferredProject1* watcher already invoked: false
[21:16:12.988] DirectoryWatcher:: Added:: WatchInfo: /home/zander/everything/projects/mysite-2.0/src/components/node_modules
[21:16:12.988] DirectoryWatcher:: Added:: WatchInfo: /home/zander/everything/projects/mysite-2.0/src/components/node_modules 1 undefined Project: /dev/null/inferredProject1* watcher already invoked: false
[21:16:12.988] Elapsed:: 0.0984640046954155ms DirectoryWatcher:: Added:: WatchInfo: /home/zander/everything/projects/mysite-2.0/src/components/node_modules 1 undefined Project: /dev/null/inferredProject1* watcher already invoked: false
[21:16:12.988] Sending response:
    {"projectName":"/dev/null/inferredProject1*","typeAcquisition":{"enable":true,"include":[],"exclude":[]},"compilerOptions":{"module":1,"target":3,"jsx":1,"allowJs":true,"allowSyntheticDefaultImports":true,"allowNonTsExtensions":true,"noEmitForJsFiles":true,"maxNodeModuleJsDepth":2},"typings":[],"unresolvedImports":[],"kind":"action::set"}
[21:16:12.988] Response has been sent.
[21:16:12.988] No new typings were requested as a result of typings discovery
[21:32:24.783] Got install request {"projectName":"/dev/null/inferredProject2*","fileNames":["/home/zander/everything/projects/mysite-2.0/node_modules/typescript/lib/lib.es5.d.ts","/home/zander/everything/projects/mysite-2.0/node_modules/typescript/lib/lib.es2015.d.ts","/home/zander/everything/projects/mysite-2.0/node_modules/typescript/lib/lib.es2016.d.ts","/home/zander/everything/projects/mysite-2.0/node_modules/typescript/lib/lib.dom.d.ts","/home/zander/everything/projects/mysite-2.0/node_modules/typescript/lib/lib.dom.iterable.d.ts","/home/zander/everything/projects/mysite-2.0/node_modules/typescript/lib/lib.webworker.importscripts.d.ts","/home/zander/everything/projects/mysite-2.0/node_modules/typescript/lib/lib.scripthost.d.ts","/home/zander/everything/projects/mysite-2.0/node_modules/typescript/lib/lib.es2015.core.d.ts","/home/zander/everything/projects/mysite-2.0/node_modules/typescript/lib/lib.es2015.collection.d.ts","/home/zander/everything/projects/mysite-2.0/node_modules/typescript/lib/lib.es2015.generator.d.ts","/home/zander/everything/projects/mysite-2.0/node_modules/typescript/lib/lib.es2015.iterable.d.ts","/home/zander/everything/projects/mysite-2.0/node_modules/typescript/lib/lib.es2015.promise.d.ts","/home/zander/everything/projects/mysite-2.0/node_modules/typescript/lib/lib.es2015.proxy.d.ts","/home/zander/everything/projects/mysite-2.0/node_modules/typescript/lib/lib.es2015.reflect.d.ts","/home/zander/everything/projects/mysite-2.0/node_modules/typescript/lib/lib.es2015.symbol.d.ts","/home/zander/everything/projects/mysite-2.0/node_modules/typescript/lib/lib.es2015.symbol.wellknown.d.ts","/home/zander/everything/projects/mysite-2.0/node_modules/typescript/lib/lib.es2016.array.include.d.ts","/home/zander/everything/projects/mysite-2.0/node_modules/typescript/lib/lib.es2016.full.d.ts","/home/zander/everything/projects/mysite-2.0/src/components/Footer.js"],"compilerOptions":{"module":1,"target":3,"jsx":1,"allowJs":true,"allowSyntheticDefaultImports":true,"allowNonTsExtensions":true,"noEmitForJsFiles":true,"maxNodeModuleJsDepth":2},"typeAcquisition":{"enable":true,"include":[],"exclude":[]},"unresolvedImports":[],"projectRootPath":"/home/zander/everything/projects/mysite-2.0/src/components","kind":"discover"}
[21:32:24.783] Explicitly included types: []
[21:32:24.783] Inferred typings from unresolved imports: []
[21:32:24.783] Result: {"cachedTypingPaths":[],"newTypingNames":[],"filesToWatch":["/home/zander/everything/projects/mysite-2.0/src/components/bower_components","/home/zander/everything/projects/mysite-2.0/src/components/node_modules"]}
[21:32:24.784] Finished typings discovery: {"cachedTypingPaths":[],"newTypingNames":[],"filesToWatch":["/home/zander/everything/projects/mysite-2.0/src/components/bower_components","/home/zander/everything/projects/mysite-2.0/src/components/node_modules"]}
[21:32:24.784] DirectoryWatcher:: Added:: WatchInfo: /home/zander/everything/projects/mysite-2.0/src/components/bower_components
[21:32:24.784] DirectoryWatcher:: Added:: WatchInfo: /home/zander/everything/projects/mysite-2.0/src/components/bower_components 1 undefined Project: /dev/null/inferredProject2* watcher already invoked: false
[21:32:24.784] Elapsed:: 0.01670200377702713ms DirectoryWatcher:: Added:: WatchInfo: /home/zander/everything/projects/mysite-2.0/src/components/bower_components 1 undefined Project: /dev/null/inferredProject2* watcher already invoked: false
[21:32:24.784] DirectoryWatcher:: Added:: WatchInfo: /home/zander/everything/projects/mysite-2.0/src/components/node_modules
[21:32:24.784] DirectoryWatcher:: Added:: WatchInfo: /home/zander/everything/projects/mysite-2.0/src/components/node_modules 1 undefined Project: /dev/null/inferredProject2* watcher already invoked: false
[21:32:24.784] Elapsed:: 0.013356000185012817ms DirectoryWatcher:: Added:: WatchInfo: /home/zander/everything/projects/mysite-2.0/src/components/node_modules 1 undefined Project: /dev/null/inferredProject2* watcher already invoked: false
[21:32:24.784] Sending response:
    {"projectName":"/dev/null/inferredProject2*","typeAcquisition":{"enable":true,"include":[],"exclude":[]},"compilerOptions":{"module":1,"target":3,"jsx":1,"allowJs":true,"allowSyntheticDefaultImports":true,"allowNonTsExtensions":true,"noEmitForJsFiles":true,"maxNodeModuleJsDepth":2},"typings":[],"unresolvedImports":[],"kind":"action::set"}
[21:32:24.784] Response has been sent.
[21:32:24.784] No new typings were requested as a result of typings discovery
