[23:51:12.741] Global cache location '/home/zander/.cache/typescript/4.7', safe file path '/home/zander/everything/projects/mysite-2.0/node_modules/typescript/lib/typingSafeList.json', types map path /home/zander/everything/projects/mysite-2.0/node_modules/typescript/lib/typesMap.json
[23:51:12.742] Processing cache location '/home/zander/.cache/typescript/4.7'
[23:51:12.742] Trying to find '/home/zander/.cache/typescript/4.7/package.json'...
[23:51:12.743] Loaded content of '/home/zander/.cache/typescript/4.7/package.json': {"private":true,"dependencies":{"types-registry":"^0.1.600"},"devDependencies":{"@types/react-router-dom":"^5.3.3","@types/react-scroll":"^1.8.3"}}
[23:51:12.743] Loaded content of '/home/zander/.cache/typescript/4.7/package-lock.json'
[23:51:12.752] Adding entry into typings cache: 'react-router-dom' => '/home/zander/.cache/typescript/4.7/node_modules/@types/react-router-dom/index.d.ts'
[23:51:12.754] Adding entry into typings cache: 'react-scroll' => '/home/zander/.cache/typescript/4.7/node_modules/@types/react-scroll/index.d.ts'
[23:51:12.754] Finished processing cache location '/home/zander/.cache/typescript/4.7'
[23:51:12.754] Process id: 23022
[23:51:12.754] NPM location: /usr/bin/npm (explicit '--npmLocation' not  provided)
[23:51:12.754] validateDefaultNpmLocation: false
[23:51:12.754] Npm config file: /home/zander/.cache/typescript/4.7/package.json
[23:51:12.754] Updating types-registry npm package...
[23:51:12.754] Exec: /usr/bin/npm install --ignore-scripts types-registry@latest
[23:51:13.678]     Succeeded. stdout:
    
    changed 1 package, and audited 10 packages in 790ms

found 0 vulnerabilities

[23:51:13.678] Updated types-registry npm package
[23:51:14.598] Got install request {"projectName":"/dev/null/inferredProject1*","fileNames":["/home/zander/everything/projects/mysite-2.0/node_modules/typescript/lib/lib.es5.d.ts","/home/zander/everything/projects/mysite-2.0/node_modules/typescript/lib/lib.es2015.d.ts","/home/zander/everything/projects/mysite-2.0/node_modules/typescript/lib/lib.es2016.d.ts","/home/zander/everything/projects/mysite-2.0/node_modules/typescript/lib/lib.dom.d.ts","/home/zander/everything/projects/mysite-2.0/node_modules/typescript/lib/lib.dom.iterable.d.ts","/home/zander/everything/projects/mysite-2.0/node_modules/typescript/lib/lib.webworker.importscripts.d.ts","/home/zander/everything/projects/mysite-2.0/node_modules/typescript/lib/lib.scripthost.d.ts","/home/zander/everything/projects/mysite-2.0/node_modules/typescript/lib/lib.es2015.core.d.ts","/home/zander/everything/projects/mysite-2.0/node_modules/typescript/lib/lib.es2015.collection.d.ts","/home/zander/everything/projects/mysite-2.0/node_modules/typescript/lib/lib.es2015.generator.d.ts","/home/zander/everything/projects/mysite-2.0/node_modules/typescript/lib/lib.es2015.iterable.d.ts","/home/zander/everything/projects/mysite-2.0/node_modules/typescript/lib/lib.es2015.promise.d.ts","/home/zander/everything/projects/mysite-2.0/node_modules/typescript/lib/lib.es2015.proxy.d.ts","/home/zander/everything/projects/mysite-2.0/node_modules/typescript/lib/lib.es2015.reflect.d.ts","/home/zander/everything/projects/mysite-2.0/node_modules/typescript/lib/lib.es2015.symbol.d.ts","/home/zander/everything/projects/mysite-2.0/node_modules/typescript/lib/lib.es2015.symbol.wellknown.d.ts","/home/zander/everything/projects/mysite-2.0/node_modules/typescript/lib/lib.es2016.array.include.d.ts","/home/zander/everything/projects/mysite-2.0/node_modules/typescript/lib/lib.es2016.full.d.ts","/home/zander/everything/projects/mysite-2.0/src/components/ExperienceSection.js"],"compilerOptions":{"module":1,"target":3,"jsx":1,"allowJs":true,"allowSyntheticDefaultImports":true,"allowNonTsExtensions":true,"noEmitForJsFiles":true,"maxNodeModuleJsDepth":2},"typeAcquisition":{"enable":true,"include":[],"exclude":[]},"unresolvedImports":[],"projectRootPath":"/home/zander/everything/projects/mysite-2.0/src/components","kind":"discover"}
[23:51:14.610] Loaded safelist from types map file '/home/zander/everything/projects/mysite-2.0/node_modules/typescript/lib/typesMap.json'
[23:51:14.610] Explicitly included types: []
[23:51:14.611] Inferred typings from unresolved imports: []
[23:51:14.611] Result: {"cachedTypingPaths":[],"newTypingNames":[],"filesToWatch":["/home/zander/everything/projects/mysite-2.0/src/components/bower_components","/home/zander/everything/projects/mysite-2.0/src/components/node_modules"]}
[23:51:14.611] Finished typings discovery: {"cachedTypingPaths":[],"newTypingNames":[],"filesToWatch":["/home/zander/everything/projects/mysite-2.0/src/components/bower_components","/home/zander/everything/projects/mysite-2.0/src/components/node_modules"]}
[23:51:14.611] DirectoryWatcher:: Added:: WatchInfo: /home/zander/everything/projects/mysite-2.0/src/components/bower_components
[23:51:14.612] DirectoryWatcher:: Added:: WatchInfo: /home/zander/everything/projects/mysite-2.0/src/components/bower_components 1 undefined Project: /dev/null/inferredProject1* watcher already invoked: false
[23:51:14.613] Elapsed:: 1.4699120074510574ms DirectoryWatcher:: Added:: WatchInfo: /home/zander/everything/projects/mysite-2.0/src/components/bower_components 1 undefined Project: /dev/null/inferredProject1* watcher already invoked: false
[23:51:14.613] DirectoryWatcher:: Added:: WatchInfo: /home/zander/everything/projects/mysite-2.0/src/components/node_modules
[23:51:14.613] DirectoryWatcher:: Added:: WatchInfo: /home/zander/everything/projects/mysite-2.0/src/components/node_modules 1 undefined Project: /dev/null/inferredProject1* watcher already invoked: false
[23:51:14.613] Elapsed:: 0.07457800209522247ms DirectoryWatcher:: Added:: WatchInfo: /home/zander/everything/projects/mysite-2.0/src/components/node_modules 1 undefined Project: /dev/null/inferredProject1* watcher already invoked: false
[23:51:14.614] Sending response:
    {"projectName":"/dev/null/inferredProject1*","typeAcquisition":{"enable":true,"include":[],"exclude":[]},"compilerOptions":{"module":1,"target":3,"jsx":1,"allowJs":true,"allowSyntheticDefaultImports":true,"allowNonTsExtensions":true,"noEmitForJsFiles":true,"maxNodeModuleJsDepth":2},"typings":[],"unresolvedImports":[],"kind":"action::set"}
[23:51:14.614] Response has been sent.
[23:51:14.614] No new typings were requested as a result of typings discovery
[00:06:57.326] Got install request {"projectName":"/dev/null/inferredProject2*","fileNames":["/home/zander/everything/projects/mysite-2.0/node_modules/typescript/lib/lib.es5.d.ts","/home/zander/everything/projects/mysite-2.0/node_modules/typescript/lib/lib.es2015.d.ts","/home/zander/everything/projects/mysite-2.0/node_modules/typescript/lib/lib.es2016.d.ts","/home/zander/everything/projects/mysite-2.0/node_modules/typescript/lib/lib.dom.d.ts","/home/zander/everything/projects/mysite-2.0/node_modules/typescript/lib/lib.dom.iterable.d.ts","/home/zander/everything/projects/mysite-2.0/node_modules/typescript/lib/lib.webworker.importscripts.d.ts","/home/zander/everything/projects/mysite-2.0/node_modules/typescript/lib/lib.scripthost.d.ts","/home/zander/everything/projects/mysite-2.0/node_modules/typescript/lib/lib.es2015.core.d.ts","/home/zander/everything/projects/mysite-2.0/node_modules/typescript/lib/lib.es2015.collection.d.ts","/home/zander/everything/projects/mysite-2.0/node_modules/typescript/lib/lib.es2015.generator.d.ts","/home/zander/everything/projects/mysite-2.0/node_modules/typescript/lib/lib.es2015.iterable.d.ts","/home/zander/everything/projects/mysite-2.0/node_modules/typescript/lib/lib.es2015.promise.d.ts","/home/zander/everything/projects/mysite-2.0/node_modules/typescript/lib/lib.es2015.proxy.d.ts","/home/zander/everything/projects/mysite-2.0/node_modules/typescript/lib/lib.es2015.reflect.d.ts","/home/zander/everything/projects/mysite-2.0/node_modules/typescript/lib/lib.es2015.symbol.d.ts","/home/zander/everything/projects/mysite-2.0/node_modules/typescript/lib/lib.es2015.symbol.wellknown.d.ts","/home/zander/everything/projects/mysite-2.0/node_modules/typescript/lib/lib.es2016.array.include.d.ts","/home/zander/everything/projects/mysite-2.0/node_modules/typescript/lib/lib.es2016.full.d.ts","/home/zander/everything/projects/mysite-2.0/src/components/CardItem.js","/home/zander/everything/projects/mysite-2.0/src/components/ProjectsSection.js"],"compilerOptions":{"module":1,"target":3,"jsx":1,"allowJs":true,"allowSyntheticDefaultImports":true,"allowNonTsExtensions":true,"noEmitForJsFiles":true,"maxNodeModuleJsDepth":2},"typeAcquisition":{"enable":true,"include":[],"exclude":[]},"unresolvedImports":[],"projectRootPath":"/home/zander/everything/projects/mysite-2.0/src/components","kind":"discover"}
[00:06:57.327] Explicitly included types: []
[00:06:57.327] Inferred typings from unresolved imports: []
[00:06:57.327] Result: {"cachedTypingPaths":[],"newTypingNames":[],"filesToWatch":["/home/zander/everything/projects/mysite-2.0/src/components/bower_components","/home/zander/everything/projects/mysite-2.0/src/components/node_modules"]}
[00:06:57.327] Finished typings discovery: {"cachedTypingPaths":[],"newTypingNames":[],"filesToWatch":["/home/zander/everything/projects/mysite-2.0/src/components/bower_components","/home/zander/everything/projects/mysite-2.0/src/components/node_modules"]}
[00:06:57.327] DirectoryWatcher:: Added:: WatchInfo: /home/zander/everything/projects/mysite-2.0/src/components/bower_components
[00:06:57.327] DirectoryWatcher:: Added:: WatchInfo: /home/zander/everything/projects/mysite-2.0/src/components/bower_components 1 undefined Project: /dev/null/inferredProject2* watcher already invoked: false
[00:06:57.327] Elapsed:: 0.015542000532150269ms DirectoryWatcher:: Added:: WatchInfo: /home/zander/everything/projects/mysite-2.0/src/components/bower_components 1 undefined Project: /dev/null/inferredProject2* watcher already invoked: false
[00:06:57.327] DirectoryWatcher:: Added:: WatchInfo: /home/zander/everything/projects/mysite-2.0/src/components/node_modules
[00:06:57.327] DirectoryWatcher:: Added:: WatchInfo: /home/zander/everything/projects/mysite-2.0/src/components/node_modules 1 undefined Project: /dev/null/inferredProject2* watcher already invoked: false
[00:06:57.327] Elapsed:: 0.008903995156288147ms DirectoryWatcher:: Added:: WatchInfo: /home/zander/everything/projects/mysite-2.0/src/components/node_modules 1 undefined Project: /dev/null/inferredProject2* watcher already invoked: false
[00:06:57.327] Sending response:
    {"projectName":"/dev/null/inferredProject2*","typeAcquisition":{"enable":true,"include":[],"exclude":[]},"compilerOptions":{"module":1,"target":3,"jsx":1,"allowJs":true,"allowSyntheticDefaultImports":true,"allowNonTsExtensions":true,"noEmitForJsFiles":true,"maxNodeModuleJsDepth":2},"typings":[],"unresolvedImports":[],"kind":"action::set"}
[00:06:57.327] Response has been sent.
[00:06:57.327] No new typings were requested as a result of typings discovery
[00:14:55.941] Got install request {"projectName":"/dev/null/inferredProject3*","fileNames":["/home/zander/everything/projects/mysite-2.0/node_modules/typescript/lib/lib.es5.d.ts","/home/zander/everything/projects/mysite-2.0/node_modules/typescript/lib/lib.es2015.d.ts","/home/zander/everything/projects/mysite-2.0/node_modules/typescript/lib/lib.es2016.d.ts","/home/zander/everything/projects/mysite-2.0/node_modules/typescript/lib/lib.dom.d.ts","/home/zander/everything/projects/mysite-2.0/node_modules/typescript/lib/lib.dom.iterable.d.ts","/home/zander/everything/projects/mysite-2.0/node_modules/typescript/lib/lib.webworker.importscripts.d.ts","/home/zander/everything/projects/mysite-2.0/node_modules/typescript/lib/lib.scripthost.d.ts","/home/zander/everything/projects/mysite-2.0/node_modules/typescript/lib/lib.es2015.core.d.ts","/home/zander/everything/projects/mysite-2.0/node_modules/typescript/lib/lib.es2015.collection.d.ts","/home/zander/everything/projects/mysite-2.0/node_modules/typescript/lib/lib.es2015.generator.d.ts","/home/zander/everything/projects/mysite-2.0/node_modules/typescript/lib/lib.es2015.iterable.d.ts","/home/zander/everything/projects/mysite-2.0/node_modules/typescript/lib/lib.es2015.promise.d.ts","/home/zander/everything/projects/mysite-2.0/node_modules/typescript/lib/lib.es2015.proxy.d.ts","/home/zander/everything/projects/mysite-2.0/node_modules/typescript/lib/lib.es2015.reflect.d.ts","/home/zander/everything/projects/mysite-2.0/node_modules/typescript/lib/lib.es2015.symbol.d.ts","/home/zander/everything/projects/mysite-2.0/node_modules/typescript/lib/lib.es2015.symbol.wellknown.d.ts","/home/zander/everything/projects/mysite-2.0/node_modules/typescript/lib/lib.es2016.array.include.d.ts","/home/zander/everything/projects/mysite-2.0/node_modules/typescript/lib/lib.es2016.full.d.ts","/home/zander/everything/projects/mysite-2.0/src/components/Footer.js"],"compilerOptions":{"module":1,"target":3,"jsx":1,"allowJs":true,"allowSyntheticDefaultImports":true,"allowNonTsExtensions":true,"noEmitForJsFiles":true,"maxNodeModuleJsDepth":2},"typeAcquisition":{"enable":true,"include":[],"exclude":[]},"unresolvedImports":[],"projectRootPath":"/home/zander/everything/projects/mysite-2.0/src/components","kind":"discover"}
[00:14:55.941] Explicitly included types: []
[00:14:55.941] Inferred typings from unresolved imports: []
[00:14:55.941] Result: {"cachedTypingPaths":[],"newTypingNames":[],"filesToWatch":["/home/zander/everything/projects/mysite-2.0/src/components/bower_components","/home/zander/everything/projects/mysite-2.0/src/components/node_modules"]}
[00:14:55.941] Finished typings discovery: {"cachedTypingPaths":[],"newTypingNames":[],"filesToWatch":["/home/zander/everything/projects/mysite-2.0/src/components/bower_components","/home/zander/everything/projects/mysite-2.0/src/components/node_modules"]}
[00:14:55.941] DirectoryWatcher:: Added:: WatchInfo: /home/zander/everything/projects/mysite-2.0/src/components/bower_components
[00:14:55.941] DirectoryWatcher:: Added:: WatchInfo: /home/zander/everything/projects/mysite-2.0/src/components/bower_components 1 undefined Project: /dev/null/inferredProject3* watcher already invoked: false
[00:14:55.941] Elapsed:: 0.013152003288269043ms DirectoryWatcher:: Added:: WatchInfo: /home/zander/everything/projects/mysite-2.0/src/components/bower_components 1 undefined Project: /dev/null/inferredProject3* watcher already invoked: false
[00:14:55.941] DirectoryWatcher:: Added:: WatchInfo: /home/zander/everything/projects/mysite-2.0/src/components/node_modules
[00:14:55.941] DirectoryWatcher:: Added:: WatchInfo: /home/zander/everything/projects/mysite-2.0/src/components/node_modules 1 undefined Project: /dev/null/inferredProject3* watcher already invoked: false
[00:14:55.941] Elapsed:: 0.007012009620666504ms DirectoryWatcher:: Added:: WatchInfo: /home/zander/everything/projects/mysite-2.0/src/components/node_modules 1 undefined Project: /dev/null/inferredProject3* watcher already invoked: false
[00:14:55.941] Sending response:
    {"projectName":"/dev/null/inferredProject3*","typeAcquisition":{"enable":true,"include":[],"exclude":[]},"compilerOptions":{"module":1,"target":3,"jsx":1,"allowJs":true,"allowSyntheticDefaultImports":true,"allowNonTsExtensions":true,"noEmitForJsFiles":true,"maxNodeModuleJsDepth":2},"typings":[],"unresolvedImports":[],"kind":"action::set"}
[00:14:55.941] Response has been sent.
[00:14:55.941] No new typings were requested as a result of typings discovery
