[23:30:01.700] Global cache location '/home/zander/.cache/typescript/4.7', safe file path '/home/zander/everything/projects/mysite-2.0/node_modules/typescript/lib/typingSafeList.json', types map path /home/zander/everything/projects/mysite-2.0/node_modules/typescript/lib/typesMap.json
[23:30:01.701] Processing cache location '/home/zander/.cache/typescript/4.7'
[23:30:01.701] Trying to find '/home/zander/.cache/typescript/4.7/package.json'...
[23:30:01.705] Loaded content of '/home/zander/.cache/typescript/4.7/package.json': {"private":true,"dependencies":{"types-registry":"^0.1.599"},"devDependencies":{"@types/react-router-dom":"^5.3.3","@types/react-scroll":"^1.8.3"}}
[23:30:01.705] Loaded content of '/home/zander/.cache/typescript/4.7/package-lock.json'
[23:30:01.714] Adding entry into typings cache: 'react-router-dom' => '/home/zander/.cache/typescript/4.7/node_modules/@types/react-router-dom/index.d.ts'
[23:30:01.715] Adding entry into typings cache: 'react-scroll' => '/home/zander/.cache/typescript/4.7/node_modules/@types/react-scroll/index.d.ts'
[23:30:01.716] Finished processing cache location '/home/zander/.cache/typescript/4.7'
[23:30:01.716] Process id: 28348
[23:30:01.716] NPM location: /usr/bin/npm (explicit '--npmLocation' not  provided)
[23:30:01.716] validateDefaultNpmLocation: false
[23:30:01.716] Npm config file: /home/zander/.cache/typescript/4.7/package.json
[23:30:01.716] Updating types-registry npm package...
[23:30:01.716] Exec: /usr/bin/npm install --ignore-scripts types-registry@latest
[23:30:02.269]     Succeeded. stdout:
    
    up to date, audited 10 packages in 430ms

found 0 vulnerabilities

[23:30:02.269] Updated types-registry npm package
[23:30:02.975] Got install request {"projectName":"/dev/null/inferredProject1*","fileNames":["/home/zander/everything/projects/mysite-2.0/node_modules/typescript/lib/lib.es5.d.ts","/home/zander/everything/projects/mysite-2.0/node_modules/typescript/lib/lib.es2015.d.ts","/home/zander/everything/projects/mysite-2.0/node_modules/typescript/lib/lib.es2016.d.ts","/home/zander/everything/projects/mysite-2.0/node_modules/typescript/lib/lib.dom.d.ts","/home/zander/everything/projects/mysite-2.0/node_modules/typescript/lib/lib.dom.iterable.d.ts","/home/zander/everything/projects/mysite-2.0/node_modules/typescript/lib/lib.webworker.importscripts.d.ts","/home/zander/everything/projects/mysite-2.0/node_modules/typescript/lib/lib.scripthost.d.ts","/home/zander/everything/projects/mysite-2.0/node_modules/typescript/lib/lib.es2015.core.d.ts","/home/zander/everything/projects/mysite-2.0/node_modules/typescript/lib/lib.es2015.collection.d.ts","/home/zander/everything/projects/mysite-2.0/node_modules/typescript/lib/lib.es2015.generator.d.ts","/home/zander/everything/projects/mysite-2.0/node_modules/typescript/lib/lib.es2015.iterable.d.ts","/home/zander/everything/projects/mysite-2.0/node_modules/typescript/lib/lib.es2015.promise.d.ts","/home/zander/everything/projects/mysite-2.0/node_modules/typescript/lib/lib.es2015.proxy.d.ts","/home/zander/everything/projects/mysite-2.0/node_modules/typescript/lib/lib.es2015.reflect.d.ts","/home/zander/everything/projects/mysite-2.0/node_modules/typescript/lib/lib.es2015.symbol.d.ts","/home/zander/everything/projects/mysite-2.0/node_modules/typescript/lib/lib.es2015.symbol.wellknown.d.ts","/home/zander/everything/projects/mysite-2.0/node_modules/typescript/lib/lib.es2016.array.include.d.ts","/home/zander/everything/projects/mysite-2.0/node_modules/typescript/lib/lib.es2016.full.d.ts","/home/zander/everything/projects/mysite-2.0/src/components/AboutSection.js"],"compilerOptions":{"module":1,"target":3,"jsx":1,"allowJs":true,"allowSyntheticDefaultImports":true,"allowNonTsExtensions":true,"noEmitForJsFiles":true,"maxNodeModuleJsDepth":2},"typeAcquisition":{"enable":true,"include":[],"exclude":[]},"unresolvedImports":[],"projectRootPath":"/home/zander/everything/projects/mysite-2.0/src/components","kind":"discover"}
[23:30:02.985] Loaded safelist from types map file '/home/zander/everything/projects/mysite-2.0/node_modules/typescript/lib/typesMap.json'
[23:30:02.985] Explicitly included types: []
[23:30:02.986] Inferred typings from unresolved imports: []
[23:30:02.986] Result: {"cachedTypingPaths":[],"newTypingNames":[],"filesToWatch":["/home/zander/everything/projects/mysite-2.0/src/components/bower_components","/home/zander/everything/projects/mysite-2.0/src/components/node_modules"]}
[23:30:02.986] Finished typings discovery: {"cachedTypingPaths":[],"newTypingNames":[],"filesToWatch":["/home/zander/everything/projects/mysite-2.0/src/components/bower_components","/home/zander/everything/projects/mysite-2.0/src/components/node_modules"]}
[23:30:02.986] DirectoryWatcher:: Added:: WatchInfo: /home/zander/everything/projects/mysite-2.0/src/components/bower_components
[23:30:02.986] DirectoryWatcher:: Added:: WatchInfo: /home/zander/everything/projects/mysite-2.0/src/components/bower_components 1 undefined Project: /dev/null/inferredProject1* watcher already invoked: false
[23:30:02.988] Elapsed:: 1.3711059987545013ms DirectoryWatcher:: Added:: WatchInfo: /home/zander/everything/projects/mysite-2.0/src/components/bower_components 1 undefined Project: /dev/null/inferredProject1* watcher already invoked: false
[23:30:02.988] DirectoryWatcher:: Added:: WatchInfo: /home/zander/everything/projects/mysite-2.0/src/components/node_modules
[23:30:02.988] DirectoryWatcher:: Added:: WatchInfo: /home/zander/everything/projects/mysite-2.0/src/components/node_modules 1 undefined Project: /dev/null/inferredProject1* watcher already invoked: false
[23:30:02.988] Elapsed:: 0.07997599989175797ms DirectoryWatcher:: Added:: WatchInfo: /home/zander/everything/projects/mysite-2.0/src/components/node_modules 1 undefined Project: /dev/null/inferredProject1* watcher already invoked: false
[23:30:02.988] Sending response:
    {"projectName":"/dev/null/inferredProject1*","typeAcquisition":{"enable":true,"include":[],"exclude":[]},"compilerOptions":{"module":1,"target":3,"jsx":1,"allowJs":true,"allowSyntheticDefaultImports":true,"allowNonTsExtensions":true,"noEmitForJsFiles":true,"maxNodeModuleJsDepth":2},"typings":[],"unresolvedImports":[],"kind":"action::set"}
[23:30:02.989] Response has been sent.
[23:30:02.989] No new typings were requested as a result of typings discovery
[23:30:28.258] Got install request {"projectName":"/dev/null/inferredProject2*","fileNames":["/home/zander/everything/projects/mysite-2.0/node_modules/typescript/lib/lib.es5.d.ts","/home/zander/everything/projects/mysite-2.0/node_modules/typescript/lib/lib.es2015.d.ts","/home/zander/everything/projects/mysite-2.0/node_modules/typescript/lib/lib.es2016.d.ts","/home/zander/everything/projects/mysite-2.0/node_modules/typescript/lib/lib.dom.d.ts","/home/zander/everything/projects/mysite-2.0/node_modules/typescript/lib/lib.dom.iterable.d.ts","/home/zander/everything/projects/mysite-2.0/node_modules/typescript/lib/lib.webworker.importscripts.d.ts","/home/zander/everything/projects/mysite-2.0/node_modules/typescript/lib/lib.scripthost.d.ts","/home/zander/everything/projects/mysite-2.0/node_modules/typescript/lib/lib.es2015.core.d.ts","/home/zander/everything/projects/mysite-2.0/node_modules/typescript/lib/lib.es2015.collection.d.ts","/home/zander/everything/projects/mysite-2.0/node_modules/typescript/lib/lib.es2015.generator.d.ts","/home/zander/everything/projects/mysite-2.0/node_modules/typescript/lib/lib.es2015.iterable.d.ts","/home/zander/everything/projects/mysite-2.0/node_modules/typescript/lib/lib.es2015.promise.d.ts","/home/zander/everything/projects/mysite-2.0/node_modules/typescript/lib/lib.es2015.proxy.d.ts","/home/zander/everything/projects/mysite-2.0/node_modules/typescript/lib/lib.es2015.reflect.d.ts","/home/zander/everything/projects/mysite-2.0/node_modules/typescript/lib/lib.es2015.symbol.d.ts","/home/zander/everything/projects/mysite-2.0/node_modules/typescript/lib/lib.es2015.symbol.wellknown.d.ts","/home/zander/everything/projects/mysite-2.0/node_modules/typescript/lib/lib.es2016.array.include.d.ts","/home/zander/everything/projects/mysite-2.0/node_modules/typescript/lib/lib.es2016.full.d.ts","/home/zander/everything/projects/mysite-2.0/src/components/CardItem.js","/home/zander/everything/projects/mysite-2.0/src/components/ProjectsSection.js"],"compilerOptions":{"module":1,"target":3,"jsx":1,"allowJs":true,"allowSyntheticDefaultImports":true,"allowNonTsExtensions":true,"noEmitForJsFiles":true,"maxNodeModuleJsDepth":2},"typeAcquisition":{"enable":true,"include":[],"exclude":[]},"unresolvedImports":[],"projectRootPath":"/home/zander/everything/projects/mysite-2.0/src/components","kind":"discover"}
[23:30:28.258] Explicitly included types: []
[23:30:28.258] Inferred typings from unresolved imports: []
[23:30:28.258] Result: {"cachedTypingPaths":[],"newTypingNames":[],"filesToWatch":["/home/zander/everything/projects/mysite-2.0/src/components/bower_components","/home/zander/everything/projects/mysite-2.0/src/components/node_modules"]}
[23:30:28.258] Finished typings discovery: {"cachedTypingPaths":[],"newTypingNames":[],"filesToWatch":["/home/zander/everything/projects/mysite-2.0/src/components/bower_components","/home/zander/everything/projects/mysite-2.0/src/components/node_modules"]}
[23:30:28.258] DirectoryWatcher:: Added:: WatchInfo: /home/zander/everything/projects/mysite-2.0/src/components/bower_components
[23:30:28.258] DirectoryWatcher:: Added:: WatchInfo: /home/zander/everything/projects/mysite-2.0/src/components/bower_components 1 undefined Project: /dev/null/inferredProject2* watcher already invoked: false
[23:30:28.258] Elapsed:: 0.012998998165130615ms DirectoryWatcher:: Added:: WatchInfo: /home/zander/everything/projects/mysite-2.0/src/components/bower_components 1 undefined Project: /dev/null/inferredProject2* watcher already invoked: false
[23:30:28.259] DirectoryWatcher:: Added:: WatchInfo: /home/zander/everything/projects/mysite-2.0/src/components/node_modules
[23:30:28.259] DirectoryWatcher:: Added:: WatchInfo: /home/zander/everything/projects/mysite-2.0/src/components/node_modules 1 undefined Project: /dev/null/inferredProject2* watcher already invoked: false
[23:30:28.259] Elapsed:: 0.007555000483989716ms DirectoryWatcher:: Added:: WatchInfo: /home/zander/everything/projects/mysite-2.0/src/components/node_modules 1 undefined Project: /dev/null/inferredProject2* watcher already invoked: false
[23:30:28.259] Sending response:
    {"projectName":"/dev/null/inferredProject2*","typeAcquisition":{"enable":true,"include":[],"exclude":[]},"compilerOptions":{"module":1,"target":3,"jsx":1,"allowJs":true,"allowSyntheticDefaultImports":true,"allowNonTsExtensions":true,"noEmitForJsFiles":true,"maxNodeModuleJsDepth":2},"typings":[],"unresolvedImports":[],"kind":"action::set"}
[23:30:28.259] Response has been sent.
[23:30:28.259] No new typings were requested as a result of typings discovery
[23:40:49.929] Got install request {"projectName":"/dev/null/inferredProject3*","fileNames":["/home/zander/everything/projects/mysite-2.0/node_modules/typescript/lib/lib.es5.d.ts","/home/zander/everything/projects/mysite-2.0/node_modules/typescript/lib/lib.es2015.d.ts","/home/zander/everything/projects/mysite-2.0/node_modules/typescript/lib/lib.es2016.d.ts","/home/zander/everything/projects/mysite-2.0/node_modules/typescript/lib/lib.dom.d.ts","/home/zander/everything/projects/mysite-2.0/node_modules/typescript/lib/lib.dom.iterable.d.ts","/home/zander/everything/projects/mysite-2.0/node_modules/typescript/lib/lib.webworker.importscripts.d.ts","/home/zander/everything/projects/mysite-2.0/node_modules/typescript/lib/lib.scripthost.d.ts","/home/zander/everything/projects/mysite-2.0/node_modules/typescript/lib/lib.es2015.core.d.ts","/home/zander/everything/projects/mysite-2.0/node_modules/typescript/lib/lib.es2015.collection.d.ts","/home/zander/everything/projects/mysite-2.0/node_modules/typescript/lib/lib.es2015.generator.d.ts","/home/zander/everything/projects/mysite-2.0/node_modules/typescript/lib/lib.es2015.iterable.d.ts","/home/zander/everything/projects/mysite-2.0/node_modules/typescript/lib/lib.es2015.promise.d.ts","/home/zander/everything/projects/mysite-2.0/node_modules/typescript/lib/lib.es2015.proxy.d.ts","/home/zander/everything/projects/mysite-2.0/node_modules/typescript/lib/lib.es2015.reflect.d.ts","/home/zander/everything/projects/mysite-2.0/node_modules/typescript/lib/lib.es2015.symbol.d.ts","/home/zander/everything/projects/mysite-2.0/node_modules/typescript/lib/lib.es2015.symbol.wellknown.d.ts","/home/zander/everything/projects/mysite-2.0/node_modules/typescript/lib/lib.es2016.array.include.d.ts","/home/zander/everything/projects/mysite-2.0/node_modules/typescript/lib/lib.es2016.full.d.ts","/home/zander/everything/projects/mysite-2.0/src/components/ExperienceSection.js"],"compilerOptions":{"module":1,"target":3,"jsx":1,"allowJs":true,"allowSyntheticDefaultImports":true,"allowNonTsExtensions":true,"noEmitForJsFiles":true,"maxNodeModuleJsDepth":2},"typeAcquisition":{"enable":true,"include":[],"exclude":[]},"unresolvedImports":[],"projectRootPath":"/home/zander/everything/projects/mysite-2.0/src/components","kind":"discover"}
[23:40:49.929] Explicitly included types: []
[23:40:49.929] Inferred typings from unresolved imports: []
[23:40:49.929] Result: {"cachedTypingPaths":[],"newTypingNames":[],"filesToWatch":["/home/zander/everything/projects/mysite-2.0/src/components/bower_components","/home/zander/everything/projects/mysite-2.0/src/components/node_modules"]}
[23:40:49.929] Finished typings discovery: {"cachedTypingPaths":[],"newTypingNames":[],"filesToWatch":["/home/zander/everything/projects/mysite-2.0/src/components/bower_components","/home/zander/everything/projects/mysite-2.0/src/components/node_modules"]}
[23:40:49.929] DirectoryWatcher:: Added:: WatchInfo: /home/zander/everything/projects/mysite-2.0/src/components/bower_components
[23:40:49.929] DirectoryWatcher:: Added:: WatchInfo: /home/zander/everything/projects/mysite-2.0/src/components/bower_components 1 undefined Project: /dev/null/inferredProject3* watcher already invoked: false
[23:40:49.929] Elapsed:: 0.01292700320482254ms DirectoryWatcher:: Added:: WatchInfo: /home/zander/everything/projects/mysite-2.0/src/components/bower_components 1 undefined Project: /dev/null/inferredProject3* watcher already invoked: false
[23:40:49.929] DirectoryWatcher:: Added:: WatchInfo: /home/zander/everything/projects/mysite-2.0/src/components/node_modules
[23:40:49.929] DirectoryWatcher:: Added:: WatchInfo: /home/zander/everything/projects/mysite-2.0/src/components/node_modules 1 undefined Project: /dev/null/inferredProject3* watcher already invoked: false
[23:40:49.929] Elapsed:: 0.00683700293302536ms DirectoryWatcher:: Added:: WatchInfo: /home/zander/everything/projects/mysite-2.0/src/components/node_modules 1 undefined Project: /dev/null/inferredProject3* watcher already invoked: false
[23:40:49.929] Sending response:
    {"projectName":"/dev/null/inferredProject3*","typeAcquisition":{"enable":true,"include":[],"exclude":[]},"compilerOptions":{"module":1,"target":3,"jsx":1,"allowJs":true,"allowSyntheticDefaultImports":true,"allowNonTsExtensions":true,"noEmitForJsFiles":true,"maxNodeModuleJsDepth":2},"typings":[],"unresolvedImports":[],"kind":"action::set"}
[23:40:49.929] Response has been sent.
[23:40:49.929] No new typings were requested as a result of typings discovery
[23:41:40.715] Got install request {"projectName":"/dev/null/inferredProject4*","fileNames":["/home/zander/everything/projects/mysite-2.0/node_modules/typescript/lib/lib.es5.d.ts","/home/zander/everything/projects/mysite-2.0/node_modules/typescript/lib/lib.es2015.d.ts","/home/zander/everything/projects/mysite-2.0/node_modules/typescript/lib/lib.es2016.d.ts","/home/zander/everything/projects/mysite-2.0/node_modules/typescript/lib/lib.dom.d.ts","/home/zander/everything/projects/mysite-2.0/node_modules/typescript/lib/lib.dom.iterable.d.ts","/home/zander/everything/projects/mysite-2.0/node_modules/typescript/lib/lib.webworker.importscripts.d.ts","/home/zander/everything/projects/mysite-2.0/node_modules/typescript/lib/lib.scripthost.d.ts","/home/zander/everything/projects/mysite-2.0/node_modules/typescript/lib/lib.es2015.core.d.ts","/home/zander/everything/projects/mysite-2.0/node_modules/typescript/lib/lib.es2015.collection.d.ts","/home/zander/everything/projects/mysite-2.0/node_modules/typescript/lib/lib.es2015.generator.d.ts","/home/zander/everything/projects/mysite-2.0/node_modules/typescript/lib/lib.es2015.iterable.d.ts","/home/zander/everything/projects/mysite-2.0/node_modules/typescript/lib/lib.es2015.promise.d.ts","/home/zander/everything/projects/mysite-2.0/node_modules/typescript/lib/lib.es2015.proxy.d.ts","/home/zander/everything/projects/mysite-2.0/node_modules/typescript/lib/lib.es2015.reflect.d.ts","/home/zander/everything/projects/mysite-2.0/node_modules/typescript/lib/lib.es2015.symbol.d.ts","/home/zander/everything/projects/mysite-2.0/node_modules/typescript/lib/lib.es2015.symbol.wellknown.d.ts","/home/zander/everything/projects/mysite-2.0/node_modules/typescript/lib/lib.es2016.array.include.d.ts","/home/zander/everything/projects/mysite-2.0/node_modules/typescript/lib/lib.es2016.full.d.ts","/home/zander/everything/projects/mysite-2.0/src/components/Footer.js"],"compilerOptions":{"module":1,"target":3,"jsx":1,"allowJs":true,"allowSyntheticDefaultImports":true,"allowNonTsExtensions":true,"noEmitForJsFiles":true,"maxNodeModuleJsDepth":2},"typeAcquisition":{"enable":true,"include":[],"exclude":[]},"unresolvedImports":[],"projectRootPath":"/home/zander/everything/projects/mysite-2.0/src/components","kind":"discover"}
[23:41:40.716] Explicitly included types: []
[23:41:40.716] Inferred typings from unresolved imports: []
[23:41:40.716] Result: {"cachedTypingPaths":[],"newTypingNames":[],"filesToWatch":["/home/zander/everything/projects/mysite-2.0/src/components/bower_components","/home/zander/everything/projects/mysite-2.0/src/components/node_modules"]}
[23:41:40.716] Finished typings discovery: {"cachedTypingPaths":[],"newTypingNames":[],"filesToWatch":["/home/zander/everything/projects/mysite-2.0/src/components/bower_components","/home/zander/everything/projects/mysite-2.0/src/components/node_modules"]}
[23:41:40.716] DirectoryWatcher:: Added:: WatchInfo: /home/zander/everything/projects/mysite-2.0/src/components/bower_components
[23:41:40.716] DirectoryWatcher:: Added:: WatchInfo: /home/zander/everything/projects/mysite-2.0/src/components/bower_components 1 undefined Project: /dev/null/inferredProject4* watcher already invoked: false
[23:41:40.716] Elapsed:: 0.01059800386428833ms DirectoryWatcher:: Added:: WatchInfo: /home/zander/everything/projects/mysite-2.0/src/components/bower_components 1 undefined Project: /dev/null/inferredProject4* watcher already invoked: false
[23:41:40.716] DirectoryWatcher:: Added:: WatchInfo: /home/zander/everything/projects/mysite-2.0/src/components/node_modules
[23:41:40.716] DirectoryWatcher:: Added:: WatchInfo: /home/zander/everything/projects/mysite-2.0/src/components/node_modules 1 undefined Project: /dev/null/inferredProject4* watcher already invoked: false
[23:41:40.716] Elapsed:: 0.011806003749370575ms DirectoryWatcher:: Added:: WatchInfo: /home/zander/everything/projects/mysite-2.0/src/components/node_modules 1 undefined Project: /dev/null/inferredProject4* watcher already invoked: false
[23:41:40.716] Sending response:
    {"projectName":"/dev/null/inferredProject4*","typeAcquisition":{"enable":true,"include":[],"exclude":[]},"compilerOptions":{"module":1,"target":3,"jsx":1,"allowJs":true,"allowSyntheticDefaultImports":true,"allowNonTsExtensions":true,"noEmitForJsFiles":true,"maxNodeModuleJsDepth":2},"typings":[],"unresolvedImports":[],"kind":"action::set"}
[23:41:40.716] Response has been sent.
[23:41:40.716] No new typings were requested as a result of typings discovery
[23:43:29.423] Got install request {"projectName":"/dev/null/inferredProject5*","fileNames":["/home/zander/everything/projects/mysite-2.0/node_modules/typescript/lib/lib.es5.d.ts","/home/zander/everything/projects/mysite-2.0/node_modules/typescript/lib/lib.es2015.d.ts","/home/zander/everything/projects/mysite-2.0/node_modules/typescript/lib/lib.es2016.d.ts","/home/zander/everything/projects/mysite-2.0/node_modules/typescript/lib/lib.dom.d.ts","/home/zander/everything/projects/mysite-2.0/node_modules/typescript/lib/lib.dom.iterable.d.ts","/home/zander/everything/projects/mysite-2.0/node_modules/typescript/lib/lib.webworker.importscripts.d.ts","/home/zander/everything/projects/mysite-2.0/node_modules/typescript/lib/lib.scripthost.d.ts","/home/zander/everything/projects/mysite-2.0/node_modules/typescript/lib/lib.es2015.core.d.ts","/home/zander/everything/projects/mysite-2.0/node_modules/typescript/lib/lib.es2015.collection.d.ts","/home/zander/everything/projects/mysite-2.0/node_modules/typescript/lib/lib.es2015.generator.d.ts","/home/zander/everything/projects/mysite-2.0/node_modules/typescript/lib/lib.es2015.iterable.d.ts","/home/zander/everything/projects/mysite-2.0/node_modules/typescript/lib/lib.es2015.promise.d.ts","/home/zander/everything/projects/mysite-2.0/node_modules/typescript/lib/lib.es2015.proxy.d.ts","/home/zander/everything/projects/mysite-2.0/node_modules/typescript/lib/lib.es2015.reflect.d.ts","/home/zander/everything/projects/mysite-2.0/node_modules/typescript/lib/lib.es2015.symbol.d.ts","/home/zander/everything/projects/mysite-2.0/node_modules/typescript/lib/lib.es2015.symbol.wellknown.d.ts","/home/zander/everything/projects/mysite-2.0/node_modules/typescript/lib/lib.es2016.array.include.d.ts","/home/zander/everything/projects/mysite-2.0/node_modules/typescript/lib/lib.es2016.full.d.ts","/home/zander/everything/projects/mysite-2.0/src/components/Button.js","/home/zander/everything/projects/mysite-2.0/src/components/HeroSection.js"],"compilerOptions":{"module":1,"target":3,"jsx":1,"allowJs":true,"allowSyntheticDefaultImports":true,"allowNonTsExtensions":true,"noEmitForJsFiles":true,"maxNodeModuleJsDepth":2},"typeAcquisition":{"enable":true,"include":[],"exclude":[]},"unresolvedImports":[],"projectRootPath":"/home/zander/everything/projects/mysite-2.0/src/components","kind":"discover"}
[23:43:29.423] Explicitly included types: []
[23:43:29.423] Inferred typings from unresolved imports: []
[23:43:29.423] Result: {"cachedTypingPaths":[],"newTypingNames":[],"filesToWatch":["/home/zander/everything/projects/mysite-2.0/src/components/bower_components","/home/zander/everything/projects/mysite-2.0/src/components/node_modules"]}
[23:43:29.423] Finished typings discovery: {"cachedTypingPaths":[],"newTypingNames":[],"filesToWatch":["/home/zander/everything/projects/mysite-2.0/src/components/bower_components","/home/zander/everything/projects/mysite-2.0/src/components/node_modules"]}
[23:43:29.423] DirectoryWatcher:: Added:: WatchInfo: /home/zander/everything/projects/mysite-2.0/src/components/bower_components
[23:43:29.423] DirectoryWatcher:: Added:: WatchInfo: /home/zander/everything/projects/mysite-2.0/src/components/bower_components 1 undefined Project: /dev/null/inferredProject5* watcher already invoked: false
[23:43:29.423] Elapsed:: 0.012177005410194397ms DirectoryWatcher:: Added:: WatchInfo: /home/zander/everything/projects/mysite-2.0/src/components/bower_components 1 undefined Project: /dev/null/inferredProject5* watcher already invoked: false
[23:43:29.423] DirectoryWatcher:: Added:: WatchInfo: /home/zander/everything/projects/mysite-2.0/src/components/node_modules
[23:43:29.423] DirectoryWatcher:: Added:: WatchInfo: /home/zander/everything/projects/mysite-2.0/src/components/node_modules 1 undefined Project: /dev/null/inferredProject5* watcher already invoked: false
[23:43:29.423] Elapsed:: 0.011531002819538116ms DirectoryWatcher:: Added:: WatchInfo: /home/zander/everything/projects/mysite-2.0/src/components/node_modules 1 undefined Project: /dev/null/inferredProject5* watcher already invoked: false
[23:43:29.423] Sending response:
    {"projectName":"/dev/null/inferredProject5*","typeAcquisition":{"enable":true,"include":[],"exclude":[]},"compilerOptions":{"module":1,"target":3,"jsx":1,"allowJs":true,"allowSyntheticDefaultImports":true,"allowNonTsExtensions":true,"noEmitForJsFiles":true,"maxNodeModuleJsDepth":2},"typings":[],"unresolvedImports":[],"kind":"action::set"}
[23:43:29.423] Response has been sent.
[23:43:29.424] No new typings were requested as a result of typings discovery
[23:43:35.612] Got install request {"projectName":"/dev/null/inferredProject5*","fileNames":["/home/zander/everything/projects/mysite-2.0/node_modules/typescript/lib/lib.es5.d.ts","/home/zander/everything/projects/mysite-2.0/node_modules/typescript/lib/lib.es2015.d.ts","/home/zander/everything/projects/mysite-2.0/node_modules/typescript/lib/lib.es2016.d.ts","/home/zander/everything/projects/mysite-2.0/node_modules/typescript/lib/lib.dom.d.ts","/home/zander/everything/projects/mysite-2.0/node_modules/typescript/lib/lib.dom.iterable.d.ts","/home/zander/everything/projects/mysite-2.0/node_modules/typescript/lib/lib.webworker.importscripts.d.ts","/home/zander/everything/projects/mysite-2.0/node_modules/typescript/lib/lib.scripthost.d.ts","/home/zander/everything/projects/mysite-2.0/node_modules/typescript/lib/lib.es2015.core.d.ts","/home/zander/everything/projects/mysite-2.0/node_modules/typescript/lib/lib.es2015.collection.d.ts","/home/zander/everything/projects/mysite-2.0/node_modules/typescript/lib/lib.es2015.generator.d.ts","/home/zander/everything/projects/mysite-2.0/node_modules/typescript/lib/lib.es2015.iterable.d.ts","/home/zander/everything/projects/mysite-2.0/node_modules/typescript/lib/lib.es2015.promise.d.ts","/home/zander/everything/projects/mysite-2.0/node_modules/typescript/lib/lib.es2015.proxy.d.ts","/home/zander/everything/projects/mysite-2.0/node_modules/typescript/lib/lib.es2015.reflect.d.ts","/home/zander/everything/projects/mysite-2.0/node_modules/typescript/lib/lib.es2015.symbol.d.ts","/home/zander/everything/projects/mysite-2.0/node_modules/typescript/lib/lib.es2015.symbol.wellknown.d.ts","/home/zander/everything/projects/mysite-2.0/node_modules/typescript/lib/lib.es2016.array.include.d.ts","/home/zander/everything/projects/mysite-2.0/node_modules/typescript/lib/lib.es2016.full.d.ts","/home/zander/everything/projects/mysite-2.0/src/components/HeroSection.js"],"compilerOptions":{"module":1,"target":3,"jsx":1,"allowJs":true,"allowSyntheticDefaultImports":true,"allowNonTsExtensions":true,"noEmitForJsFiles":true,"maxNodeModuleJsDepth":2},"typeAcquisition":{"enable":true,"include":[],"exclude":[]},"unresolvedImports":[],"projectRootPath":"/home/zander/everything/projects/mysite-2.0/src/components","kind":"discover"}
[23:43:35.612] Explicitly included types: []
[23:43:35.612] Inferred typings from unresolved imports: []
[23:43:35.612] Result: {"cachedTypingPaths":[],"newTypingNames":[],"filesToWatch":["/home/zander/everything/projects/mysite-2.0/src/components/bower_components","/home/zander/everything/projects/mysite-2.0/src/components/node_modules"]}
[23:43:35.612] Finished typings discovery: {"cachedTypingPaths":[],"newTypingNames":[],"filesToWatch":["/home/zander/everything/projects/mysite-2.0/src/components/bower_components","/home/zander/everything/projects/mysite-2.0/src/components/node_modules"]}
[23:43:35.612] Sending response:
    {"projectName":"/dev/null/inferredProject5*","typeAcquisition":{"enable":true,"include":[],"exclude":[]},"compilerOptions":{"module":1,"target":3,"jsx":1,"allowJs":true,"allowSyntheticDefaultImports":true,"allowNonTsExtensions":true,"noEmitForJsFiles":true,"maxNodeModuleJsDepth":2},"typings":[],"unresolvedImports":[],"kind":"action::set"}
[23:43:35.612] Response has been sent.
[23:43:35.612] No new typings were requested as a result of typings discovery
[23:43:48.366] Got install request {"projectName":"/dev/null/inferredProject6*","fileNames":["/home/zander/everything/projects/mysite-2.0/node_modules/typescript/lib/lib.es5.d.ts","/home/zander/everything/projects/mysite-2.0/node_modules/typescript/lib/lib.es2015.d.ts","/home/zander/everything/projects/mysite-2.0/node_modules/typescript/lib/lib.es2016.d.ts","/home/zander/everything/projects/mysite-2.0/node_modules/typescript/lib/lib.dom.d.ts","/home/zander/everything/projects/mysite-2.0/node_modules/typescript/lib/lib.dom.iterable.d.ts","/home/zander/everything/projects/mysite-2.0/node_modules/typescript/lib/lib.webworker.importscripts.d.ts","/home/zander/everything/projects/mysite-2.0/node_modules/typescript/lib/lib.scripthost.d.ts","/home/zander/everything/projects/mysite-2.0/node_modules/typescript/lib/lib.es2015.core.d.ts","/home/zander/everything/projects/mysite-2.0/node_modules/typescript/lib/lib.es2015.collection.d.ts","/home/zander/everything/projects/mysite-2.0/node_modules/typescript/lib/lib.es2015.generator.d.ts","/home/zander/everything/projects/mysite-2.0/node_modules/typescript/lib/lib.es2015.iterable.d.ts","/home/zander/everything/projects/mysite-2.0/node_modules/typescript/lib/lib.es2015.promise.d.ts","/home/zander/everything/projects/mysite-2.0/node_modules/typescript/lib/lib.es2015.proxy.d.ts","/home/zander/everything/projects/mysite-2.0/node_modules/typescript/lib/lib.es2015.reflect.d.ts","/home/zander/everything/projects/mysite-2.0/node_modules/typescript/lib/lib.es2015.symbol.d.ts","/home/zander/everything/projects/mysite-2.0/node_modules/typescript/lib/lib.es2015.symbol.wellknown.d.ts","/home/zander/everything/projects/mysite-2.0/node_modules/typescript/lib/lib.es2016.array.include.d.ts","/home/zander/everything/projects/mysite-2.0/node_modules/typescript/lib/lib.es2016.full.d.ts","/home/zander/everything/projects/mysite-2.0/src/components/Navbar.js"],"compilerOptions":{"module":1,"target":3,"jsx":1,"allowJs":true,"allowSyntheticDefaultImports":true,"allowNonTsExtensions":true,"noEmitForJsFiles":true,"maxNodeModuleJsDepth":2},"typeAcquisition":{"enable":true,"include":[],"exclude":[]},"unresolvedImports":[],"projectRootPath":"/home/zander/everything/projects/mysite-2.0/src/components","kind":"discover"}
[23:43:48.366] Explicitly included types: []
[23:43:48.367] Inferred typings from unresolved imports: []
[23:43:48.367] Result: {"cachedTypingPaths":[],"newTypingNames":[],"filesToWatch":["/home/zander/everything/projects/mysite-2.0/src/components/bower_components","/home/zander/everything/projects/mysite-2.0/src/components/node_modules"]}
[23:43:48.367] Finished typings discovery: {"cachedTypingPaths":[],"newTypingNames":[],"filesToWatch":["/home/zander/everything/projects/mysite-2.0/src/components/bower_components","/home/zander/everything/projects/mysite-2.0/src/components/node_modules"]}
[23:43:48.367] DirectoryWatcher:: Added:: WatchInfo: /home/zander/everything/projects/mysite-2.0/src/components/bower_components
[23:43:48.367] DirectoryWatcher:: Added:: WatchInfo: /home/zander/everything/projects/mysite-2.0/src/components/bower_components 1 undefined Project: /dev/null/inferredProject6* watcher already invoked: false
[23:43:48.367] Elapsed:: 0.010118000209331512ms DirectoryWatcher:: Added:: WatchInfo: /home/zander/everything/projects/mysite-2.0/src/components/bower_components 1 undefined Project: /dev/null/inferredProject6* watcher already invoked: false
[23:43:48.367] DirectoryWatcher:: Added:: WatchInfo: /home/zander/everything/projects/mysite-2.0/src/components/node_modules
[23:43:48.367] DirectoryWatcher:: Added:: WatchInfo: /home/zander/everything/projects/mysite-2.0/src/components/node_modules 1 undefined Project: /dev/null/inferredProject6* watcher already invoked: false
[23:43:48.367] Elapsed:: 0.008277997374534607ms DirectoryWatcher:: Added:: WatchInfo: /home/zander/everything/projects/mysite-2.0/src/components/node_modules 1 undefined Project: /dev/null/inferredProject6* watcher already invoked: false
[23:43:48.367] Sending response:
    {"projectName":"/dev/null/inferredProject6*","typeAcquisition":{"enable":true,"include":[],"exclude":[]},"compilerOptions":{"module":1,"target":3,"jsx":1,"allowJs":true,"allowSyntheticDefaultImports":true,"allowNonTsExtensions":true,"noEmitForJsFiles":true,"maxNodeModuleJsDepth":2},"typings":[],"unresolvedImports":[],"kind":"action::set"}
[23:43:48.367] Response has been sent.
[23:43:48.367] No new typings were requested as a result of typings discovery
