[22:25:01.437] Global cache location '/home/zander/.cache/typescript/4.7', safe file path '/home/zander/everything/projects/mysite-2.0/node_modules/typescript/lib/typingSafeList.json', types map path /home/zander/everything/projects/mysite-2.0/node_modules/typescript/lib/typesMap.json
[22:25:01.438] Processing cache location '/home/zander/.cache/typescript/4.7'
[22:25:01.438] Trying to find '/home/zander/.cache/typescript/4.7/package.json'...
[22:25:01.439] Loaded content of '/home/zander/.cache/typescript/4.7/package.json': {"private":true,"dependencies":{"types-registry":"^0.1.601"},"devDependencies":{"@types/react-router-dom":"^5.3.3","@types/react-scroll":"^1.8.3"}}
[22:25:01.439] Loaded content of '/home/zander/.cache/typescript/4.7/package-lock.json'
[22:25:01.448] Adding entry into typings cache: 'react-router-dom' => '/home/zander/.cache/typescript/4.7/node_modules/@types/react-router-dom/index.d.ts'
[22:25:01.449] Adding entry into typings cache: 'react-scroll' => '/home/zander/.cache/typescript/4.7/node_modules/@types/react-scroll/index.d.ts'
[22:25:01.449] Finished processing cache location '/home/zander/.cache/typescript/4.7'
[22:25:01.450] Process id: 6977
[22:25:01.450] NPM location: /usr/bin/npm (explicit '--npmLocation' not  provided)
[22:25:01.450] validateDefaultNpmLocation: false
[22:25:01.450] Npm config file: /home/zander/.cache/typescript/4.7/package.json
[22:25:01.450] Updating types-registry npm package...
[22:25:01.450] Exec: /usr/bin/npm install --ignore-scripts types-registry@latest
[22:25:02.243]     Succeeded. stdout:
    
    changed 1 package, and audited 10 packages in 653ms

found 0 vulnerabilities

[22:25:02.244] Updated types-registry npm package
[22:25:03.121] Got install request {"projectName":"/dev/null/inferredProject1*","fileNames":["/home/zander/everything/projects/mysite-2.0/node_modules/typescript/lib/lib.es5.d.ts","/home/zander/everything/projects/mysite-2.0/node_modules/typescript/lib/lib.es2015.d.ts","/home/zander/everything/projects/mysite-2.0/node_modules/typescript/lib/lib.es2016.d.ts","/home/zander/everything/projects/mysite-2.0/node_modules/typescript/lib/lib.dom.d.ts","/home/zander/everything/projects/mysite-2.0/node_modules/typescript/lib/lib.dom.iterable.d.ts","/home/zander/everything/projects/mysite-2.0/node_modules/typescript/lib/lib.webworker.importscripts.d.ts","/home/zander/everything/projects/mysite-2.0/node_modules/typescript/lib/lib.scripthost.d.ts","/home/zander/everything/projects/mysite-2.0/node_modules/typescript/lib/lib.es2015.core.d.ts","/home/zander/everything/projects/mysite-2.0/node_modules/typescript/lib/lib.es2015.collection.d.ts","/home/zander/everything/projects/mysite-2.0/node_modules/typescript/lib/lib.es2015.generator.d.ts","/home/zander/everything/projects/mysite-2.0/node_modules/typescript/lib/lib.es2015.iterable.d.ts","/home/zander/everything/projects/mysite-2.0/node_modules/typescript/lib/lib.es2015.promise.d.ts","/home/zander/everything/projects/mysite-2.0/node_modules/typescript/lib/lib.es2015.proxy.d.ts","/home/zander/everything/projects/mysite-2.0/node_modules/typescript/lib/lib.es2015.reflect.d.ts","/home/zander/everything/projects/mysite-2.0/node_modules/typescript/lib/lib.es2015.symbol.d.ts","/home/zander/everything/projects/mysite-2.0/node_modules/typescript/lib/lib.es2015.symbol.wellknown.d.ts","/home/zander/everything/projects/mysite-2.0/node_modules/typescript/lib/lib.es2016.array.include.d.ts","/home/zander/everything/projects/mysite-2.0/node_modules/typescript/lib/lib.es2016.full.d.ts","/home/zander/everything/projects/mysite-2.0/src/components/Footer.js"],"compilerOptions":{"module":1,"target":3,"jsx":1,"allowJs":true,"allowSyntheticDefaultImports":true,"allowNonTsExtensions":true,"noEmitForJsFiles":true,"maxNodeModuleJsDepth":2},"typeAcquisition":{"enable":true,"include":[],"exclude":[]},"unresolvedImports":[],"projectRootPath":"/home/zander/everything/projects/mysite-2.0/src/components","kind":"discover"}
[22:25:03.132] Loaded safelist from types map file '/home/zander/everything/projects/mysite-2.0/node_modules/typescript/lib/typesMap.json'
[22:25:03.132] Explicitly included types: []
[22:25:03.133] Inferred typings from unresolved imports: []
[22:25:03.133] Result: {"cachedTypingPaths":[],"newTypingNames":[],"filesToWatch":["/home/zander/everything/projects/mysite-2.0/src/components/bower_components","/home/zander/everything/projects/mysite-2.0/src/components/node_modules"]}
[22:25:03.133] Finished typings discovery: {"cachedTypingPaths":[],"newTypingNames":[],"filesToWatch":["/home/zander/everything/projects/mysite-2.0/src/components/bower_components","/home/zander/everything/projects/mysite-2.0/src/components/node_modules"]}
[22:25:03.133] DirectoryWatcher:: Added:: WatchInfo: /home/zander/everything/projects/mysite-2.0/src/components/bower_components
[22:25:03.134] DirectoryWatcher:: Added:: WatchInfo: /home/zander/everything/projects/mysite-2.0/src/components/bower_components 1 undefined Project: /dev/null/inferredProject1* watcher already invoked: false
[22:25:03.135] Elapsed:: 1.3096690000966191ms DirectoryWatcher:: Added:: WatchInfo: /home/zander/everything/projects/mysite-2.0/src/components/bower_components 1 undefined Project: /dev/null/inferredProject1* watcher already invoked: false
[22:25:03.135] DirectoryWatcher:: Added:: WatchInfo: /home/zander/everything/projects/mysite-2.0/src/components/node_modules
[22:25:03.135] DirectoryWatcher:: Added:: WatchInfo: /home/zander/everything/projects/mysite-2.0/src/components/node_modules 1 undefined Project: /dev/null/inferredProject1* watcher already invoked: false
[22:25:03.135] Elapsed:: 0.07611399982124567ms DirectoryWatcher:: Added:: WatchInfo: /home/zander/everything/projects/mysite-2.0/src/components/node_modules 1 undefined Project: /dev/null/inferredProject1* watcher already invoked: false
[22:25:03.135] Sending response:
    {"projectName":"/dev/null/inferredProject1*","typeAcquisition":{"enable":true,"include":[],"exclude":[]},"compilerOptions":{"module":1,"target":3,"jsx":1,"allowJs":true,"allowSyntheticDefaultImports":true,"allowNonTsExtensions":true,"noEmitForJsFiles":true,"maxNodeModuleJsDepth":2},"typings":[],"unresolvedImports":[],"kind":"action::set"}
[22:25:03.136] Response has been sent.
[22:25:03.136] No new typings were requested as a result of typings discovery
[22:32:25.975] Got install request {"projectName":"/dev/null/inferredProject2*","fileNames":["/home/zander/everything/projects/mysite-2.0/node_modules/typescript/lib/lib.es5.d.ts","/home/zander/everything/projects/mysite-2.0/node_modules/typescript/lib/lib.es2015.d.ts","/home/zander/everything/projects/mysite-2.0/node_modules/typescript/lib/lib.es2016.d.ts","/home/zander/everything/projects/mysite-2.0/node_modules/typescript/lib/lib.dom.d.ts","/home/zander/everything/projects/mysite-2.0/node_modules/typescript/lib/lib.dom.iterable.d.ts","/home/zander/everything/projects/mysite-2.0/node_modules/typescript/lib/lib.webworker.importscripts.d.ts","/home/zander/everything/projects/mysite-2.0/node_modules/typescript/lib/lib.scripthost.d.ts","/home/zander/everything/projects/mysite-2.0/node_modules/typescript/lib/lib.es2015.core.d.ts","/home/zander/everything/projects/mysite-2.0/node_modules/typescript/lib/lib.es2015.collection.d.ts","/home/zander/everything/projects/mysite-2.0/node_modules/typescript/lib/lib.es2015.generator.d.ts","/home/zander/everything/projects/mysite-2.0/node_modules/typescript/lib/lib.es2015.iterable.d.ts","/home/zander/everything/projects/mysite-2.0/node_modules/typescript/lib/lib.es2015.promise.d.ts","/home/zander/everything/projects/mysite-2.0/node_modules/typescript/lib/lib.es2015.proxy.d.ts","/home/zander/everything/projects/mysite-2.0/node_modules/typescript/lib/lib.es2015.reflect.d.ts","/home/zander/everything/projects/mysite-2.0/node_modules/typescript/lib/lib.es2015.symbol.d.ts","/home/zander/everything/projects/mysite-2.0/node_modules/typescript/lib/lib.es2015.symbol.wellknown.d.ts","/home/zander/everything/projects/mysite-2.0/node_modules/typescript/lib/lib.es2016.array.include.d.ts","/home/zander/everything/projects/mysite-2.0/node_modules/typescript/lib/lib.es2016.full.d.ts","/home/zander/everything/projects/mysite-2.0/src/components/Navbar.js"],"compilerOptions":{"module":1,"target":3,"jsx":1,"allowJs":true,"allowSyntheticDefaultImports":true,"allowNonTsExtensions":true,"noEmitForJsFiles":true,"maxNodeModuleJsDepth":2},"typeAcquisition":{"enable":true,"include":[],"exclude":[]},"unresolvedImports":[],"projectRootPath":"/home/zander/everything/projects/mysite-2.0/src/components","kind":"discover"}
[22:32:25.975] Explicitly included types: []
[22:32:25.975] Inferred typings from unresolved imports: []
[22:32:25.975] Result: {"cachedTypingPaths":[],"newTypingNames":[],"filesToWatch":["/home/zander/everything/projects/mysite-2.0/src/components/bower_components","/home/zander/everything/projects/mysite-2.0/src/components/node_modules"]}
[22:32:25.975] Finished typings discovery: {"cachedTypingPaths":[],"newTypingNames":[],"filesToWatch":["/home/zander/everything/projects/mysite-2.0/src/components/bower_components","/home/zander/everything/projects/mysite-2.0/src/components/node_modules"]}
[22:32:25.975] DirectoryWatcher:: Added:: WatchInfo: /home/zander/everything/projects/mysite-2.0/src/components/bower_components
[22:32:25.975] DirectoryWatcher:: Added:: WatchInfo: /home/zander/everything/projects/mysite-2.0/src/components/bower_components 1 undefined Project: /dev/null/inferredProject2* watcher already invoked: false
[22:32:25.975] Elapsed:: 0.02025499939918518ms DirectoryWatcher:: Added:: WatchInfo: /home/zander/everything/projects/mysite-2.0/src/components/bower_components 1 undefined Project: /dev/null/inferredProject2* watcher already invoked: false
[22:32:25.976] DirectoryWatcher:: Added:: WatchInfo: /home/zander/everything/projects/mysite-2.0/src/components/node_modules
[22:32:25.976] DirectoryWatcher:: Added:: WatchInfo: /home/zander/everything/projects/mysite-2.0/src/components/node_modules 1 undefined Project: /dev/null/inferredProject2* watcher already invoked: false
[22:32:25.976] Elapsed:: 0.012629000470042229ms DirectoryWatcher:: Added:: WatchInfo: /home/zander/everything/projects/mysite-2.0/src/components/node_modules 1 undefined Project: /dev/null/inferredProject2* watcher already invoked: false
[22:32:25.976] Sending response:
    {"projectName":"/dev/null/inferredProject2*","typeAcquisition":{"enable":true,"include":[],"exclude":[]},"compilerOptions":{"module":1,"target":3,"jsx":1,"allowJs":true,"allowSyntheticDefaultImports":true,"allowNonTsExtensions":true,"noEmitForJsFiles":true,"maxNodeModuleJsDepth":2},"typings":[],"unresolvedImports":[],"kind":"action::set"}
[22:32:25.976] Response has been sent.
[22:32:25.976] No new typings were requested as a result of typings discovery
